<?xml version="1.0" encoding="UTF-8"?>
<!-- Generated by org.testng.reporters.JUnitXMLReporter -->
<testsuite hostname="PhuongMinh" ignored="0" name="Run on edge" tests="2" failures="0" timestamp="08 thg 3 2021 07:55:15 GMT" time="14.647" errors="0">
  <testcase name="TC_01_Register" time="4.18" classname="com.bankguru.login.User_02_Register_And_Login"/>
  <testcase name="TC_02_Login" time="3.655" classname="com.bankguru.login.User_02_Register_And_Login"/>
</testsuite> <!-- Run on edge -->
