<?xml version="1.0" encoding="UTF-8"?>
<!-- Generated by org.testng.reporters.JUnitXMLReporter -->
<testsuite hostname="PhuongMinh" ignored="0" name="Run on chrome" tests="2" failures="0" timestamp="08 thg 3 2021 07:55:01 GMT" time="15.047" errors="0">
  <testcase name="TC_01_Register" time="4.395" classname="com.bankguru.login.User_02_Register_And_Login"/>
  <testcase name="TC_02_Login" time="3.386" classname="com.bankguru.login.User_02_Register_And_Login"/>
</testsuite> <!-- Run on chrome -->
