<?xml version="1.0" encoding="UTF-8"?>
<!-- Generated by org.testng.reporters.JUnitXMLReporter -->
<testsuite hostname="PhuongMinh" ignored="0" name="Run on firefox" tests="2" failures="0" timestamp="08 thg 3 2021 07:54:46 GMT" time="17.361" errors="0">
  <testcase name="TC_01_Register" time="5.101" classname="com.bankguru.login.User_02_Register_And_Login"/>
  <testcase name="TC_02_Login" time="3.158" classname="com.bankguru.login.User_02_Register_And_Login"/>
</testsuite> <!-- Run on firefox -->
