<?xml version="1.0" encoding="UTF-8"?>
<testng-results skipped="0" failed="0" ignored="0" total="6" passed="6">
  <reporter-output>
  </reporter-output>
  <suite name="Bank Guru STAGING" duration-ms="47091" started-at="2021-03-08T07:54:28Z" finished-at="2021-03-08T07:55:15Z">
    <groups>
    </groups>
    <test name="Run on firefox" duration-ms="17361" started-at="2021-03-08T07:54:28Z" finished-at="2021-03-08T07:54:46Z">
      <class name="com.bankguru.login.User_02_Register_And_Login">
        <test-method status="PASS" signature="beforeClass(java.lang.String, java.lang.String)[pri:0, instance:com.bankguru.login.User_02_Register_And_Login@67b6d4ae]" name="beforeClass" is-config="true" duration-ms="8335" started-at="2021-03-08T07:54:28Z" finished-at="2021-03-08T07:54:37Z">
          <params>
            <param index="0">
              <value>
                <![CDATA[firefox]]>
              </value>
            </param>
            <param index="1">
              <value>
                <![CDATA[http://demo.guru99.com/v3/]]>
              </value>
            </param>
          </params>
          <reporter-output>
          </reporter-output>
        </test-method> <!-- beforeClass -->
        <test-method status="PASS" signature="TC_01_Register()[pri:0, instance:com.bankguru.login.User_02_Register_And_Login@67b6d4ae]" name="TC_01_Register" duration-ms="5101" started-at="2021-03-08T07:54:37Z" finished-at="2021-03-08T07:54:42Z">
          <reporter-output>
          </reporter-output>
        </test-method> <!-- TC_01_Register -->
        <test-method status="PASS" signature="TC_02_Login()[pri:0, instance:com.bankguru.login.User_02_Register_And_Login@67b6d4ae]" name="TC_02_Login" duration-ms="3158" started-at="2021-03-08T07:54:42Z" finished-at="2021-03-08T07:54:45Z">
          <reporter-output>
          </reporter-output>
        </test-method> <!-- TC_02_Login -->
        <test-method status="PASS" signature="afterClass()[pri:0, instance:com.bankguru.login.User_02_Register_And_Login@67b6d4ae]" name="afterClass" is-config="true" duration-ms="748" started-at="2021-03-08T07:54:45Z" finished-at="2021-03-08T07:54:46Z">
          <reporter-output>
          </reporter-output>
        </test-method> <!-- afterClass -->
      </class> <!-- com.bankguru.login.User_02_Register_And_Login -->
    </test> <!-- Run on firefox -->
    <test name="Run on chrome" duration-ms="15047" started-at="2021-03-08T07:54:46Z" finished-at="2021-03-08T07:55:01Z">
      <class name="com.bankguru.login.User_02_Register_And_Login">
        <test-method status="PASS" signature="beforeClass(java.lang.String, java.lang.String)[pri:0, instance:com.bankguru.login.User_02_Register_And_Login@7946e1f4]" name="beforeClass" is-config="true" duration-ms="6605" started-at="2021-03-08T07:54:46Z" finished-at="2021-03-08T07:54:52Z">
          <params>
            <param index="0">
              <value>
                <![CDATA[chrome]]>
              </value>
            </param>
            <param index="1">
              <value>
                <![CDATA[http://demo.guru99.com/v3/]]>
              </value>
            </param>
          </params>
          <reporter-output>
          </reporter-output>
        </test-method> <!-- beforeClass -->
        <test-method status="PASS" signature="TC_01_Register()[pri:0, instance:com.bankguru.login.User_02_Register_And_Login@7946e1f4]" name="TC_01_Register" duration-ms="4395" started-at="2021-03-08T07:54:52Z" finished-at="2021-03-08T07:54:57Z">
          <reporter-output>
          </reporter-output>
        </test-method> <!-- TC_01_Register -->
        <test-method status="PASS" signature="TC_02_Login()[pri:0, instance:com.bankguru.login.User_02_Register_And_Login@7946e1f4]" name="TC_02_Login" duration-ms="3386" started-at="2021-03-08T07:54:57Z" finished-at="2021-03-08T07:55:00Z">
          <reporter-output>
          </reporter-output>
        </test-method> <!-- TC_02_Login -->
        <test-method status="PASS" signature="afterClass()[pri:0, instance:com.bankguru.login.User_02_Register_And_Login@7946e1f4]" name="afterClass" is-config="true" duration-ms="659" started-at="2021-03-08T07:55:00Z" finished-at="2021-03-08T07:55:01Z">
          <reporter-output>
          </reporter-output>
        </test-method> <!-- afterClass -->
      </class> <!-- com.bankguru.login.User_02_Register_And_Login -->
    </test> <!-- Run on chrome -->
    <test name="Run on edge" duration-ms="14647" started-at="2021-03-08T07:55:01Z" finished-at="2021-03-08T07:55:15Z">
      <class name="com.bankguru.login.User_02_Register_And_Login">
        <test-method status="PASS" signature="beforeClass(java.lang.String, java.lang.String)[pri:0, instance:com.bankguru.login.User_02_Register_And_Login@5056dfcb]" name="beforeClass" is-config="true" duration-ms="6120" started-at="2021-03-08T07:55:01Z" finished-at="2021-03-08T07:55:07Z">
          <params>
            <param index="0">
              <value>
                <![CDATA[edge]]>
              </value>
            </param>
            <param index="1">
              <value>
                <![CDATA[http://demo.guru99.com/v3/]]>
              </value>
            </param>
          </params>
          <reporter-output>
          </reporter-output>
        </test-method> <!-- beforeClass -->
        <test-method status="PASS" signature="TC_01_Register()[pri:0, instance:com.bankguru.login.User_02_Register_And_Login@5056dfcb]" name="TC_01_Register" duration-ms="4180" started-at="2021-03-08T07:55:07Z" finished-at="2021-03-08T07:55:11Z">
          <reporter-output>
          </reporter-output>
        </test-method> <!-- TC_01_Register -->
        <test-method status="PASS" signature="TC_02_Login()[pri:0, instance:com.bankguru.login.User_02_Register_And_Login@5056dfcb]" name="TC_02_Login" duration-ms="3655" started-at="2021-03-08T07:55:11Z" finished-at="2021-03-08T07:55:15Z">
          <reporter-output>
          </reporter-output>
        </test-method> <!-- TC_02_Login -->
        <test-method status="PASS" signature="afterClass()[pri:0, instance:com.bankguru.login.User_02_Register_And_Login@5056dfcb]" name="afterClass" is-config="true" duration-ms="689" started-at="2021-03-08T07:55:15Z" finished-at="2021-03-08T07:55:15Z">
          <reporter-output>
          </reporter-output>
        </test-method> <!-- afterClass -->
      </class> <!-- com.bankguru.login.User_02_Register_And_Login -->
    </test> <!-- Run on edge -->
  </suite> <!-- Bank Guru STAGING -->
</testng-results>
